<?xml version="1.0" encoding="UTF-8"?>
<!-- Generated by org.testng.reporters.JUnitReportReporter -->
<testsuite hostname="ES-iqraandleeb" failures="0" tests="4" name="com.test.automation.FirstClass" time="58.835" errors="0" timestamp="2021-11-13T23:22:03 PKT" skipped="0">
  <testcase classname="com.test.automation.FirstClass" name="ResponseCode" time="5.314"/>
  <system-out/>
  <testcase classname="com.test.automation.FirstClass" name="Search" time="2.274"/>
  <system-out/>
  <testcase classname="com.test.automation.FirstClass" name="Verify" time="20.919"/>
  <system-out/>
  <testcase classname="com.test.automation.FirstClass" name="checkURLs" time="30.328"/>
  <system-out/>
</testsuite> <!-- com.test.automation.FirstClass -->
